-------------------------------------------------------------------------------
Test set: com.test.mercator.acceptancetests.AcceptanceTestSuite
-------------------------------------------------------------------------------
Tests run: 1, Failures: 0, Errors: 1, Skipped: 0, Time elapsed: 0.016 s <<< FAILURE! - in com.test.mercator.acceptancetests.AcceptanceTestSuite
initializationError  Time elapsed: 0.009 s  <<< ERROR!
com.google.common.util.concurrent.UncheckedExecutionException: java.lang.IllegalStateException: Unable to load cache item
Caused by: java.lang.IllegalStateException: Unable to load cache item
Caused by: java.lang.NoClassDefFoundError: Could not initialize class com.google.inject.internal.cglib.core.$MethodWrapper
Caused by: java.lang.ExceptionInInitializerError: Exception com.google.inject.internal.cglib.core.$CodeGenerationException: java.lang.reflect.InaccessibleObjectException-->Unable to make protected final java.lang.Class java.lang.ClassLoader.defineClass(java.lang.String,byte[],int,int,java.security.ProtectionDomain) throws java.lang.ClassFormatError accessible: module java.base does not "opens java.lang" to unnamed module @4b53f538 [in thread "main"]

