<?xml version="1.0" encoding="UTF-8"?>
<testsuite xmlns:xsi="http://www.w3.org/2001/XMLSchema-instance" xsi:noNamespaceSchemaLocation="https://maven.apache.org/surefire/maven-failsafe-plugin/xsd/failsafe-test-report.xsd" name="com.test.mercator.acceptancetests.AcceptanceTestSuite" time="0.016" tests="1" errors="1" skipped="0" failures="0">
  <properties>
[...]
</properties>
  <testcase name="initializationError" classname="com.test.mercator.acceptancetests.AcceptanceTestSuite" time="0.009">
    <error message="java.lang.IllegalStateException: Unable to load cache item" type="com.google.common.util.concurrent.UncheckedExecutionException">com.google.common.util.concurrent.UncheckedExecutionException: java.lang.IllegalStateException: Unable to load cache item
Caused by: java.lang.IllegalStateException: Unable to load cache item
Caused by: java.lang.NoClassDefFoundError: Could not initialize class com.google.inject.internal.cglib.core.$MethodWrapper
Caused by: java.lang.ExceptionInInitializerError: Exception com.google.inject.internal.cglib.core.$CodeGenerationException: java.lang.reflect.InaccessibleObjectException-->Unable to make protected final java.lang.Class java.lang.ClassLoader.defineClass(java.lang.String,byte[],int,int,java.security.ProtectionDomain) throws java.lang.ClassFormatError accessible: module java.base does not "opens java.lang" to unnamed module @4b53f538 [in thread "main"]
</error>
  </testcase>
</testsuite>